<?xml version="1.0" encoding="UTF-8"?>
<!-- Generated by org.testng.reporters.JUnitReportReporter -->
<testsuite hostname="Shantanu" failures="0" tests="1" name="TestPackage.Test1" time="0.019" errors="0" timestamp="2025-08-19T14:04:55 IST" skipped="0">
  <testcase classname="TestPackage.Test1" name="a" time="0.019"/>
</testsuite> <!-- TestPackage.Test1 -->
